17:20:36.857 [main]INFO  Logs - Server is Starting
17:20:54.440 [main]INFO  Logs - User Clicked on Zero button.....
17:20:54.957 [main]INFO  Logs - Value is matched.....
17:20:55.018 [main]INFO  Logs - User Clicked on Clear button.....
17:20:56.243 [main]INFO  Logs - User Clicked on One button.....
17:20:56.244 [main]INFO  Logs - Value is matched.....
17:20:56.389 [main]INFO  Logs - User Clicked on Clear button.....
17:20:57.681 [main]INFO  Logs - User Clicked on Two button.....
17:20:57.682 [main]INFO  Logs - Value is matched.....
17:20:58.349 [main]INFO  Logs - User Clicked on Clear button.....
17:20:59.280 [main]INFO  Logs - User Clicked on Three button.....
17:20:59.281 [main]INFO  Logs - Value is matched.....
17:20:59.450 [main]INFO  Logs - User Clicked on Clear button.....
17:21:00.722 [main]INFO  Logs - User Clicked on Four button.....
17:21:00.722 [main]INFO  Logs - Value is matched.....
17:21:00.876 [main]INFO  Logs - User Clicked on Clear button.....
17:21:02.122 [main]INFO  Logs - User Clicked on Five button.....
17:21:02.122 [main]INFO  Logs - Value is matched.....
17:21:02.258 [main]INFO  Logs - User Clicked on Clear button.....
17:21:03.482 [main]INFO  Logs - User Clicked on Six button.....
17:21:03.482 [main]INFO  Logs - Value is matched.....
17:21:04.137 [main]INFO  Logs - User Clicked on Clear button.....
17:21:04.879 [main]INFO  Logs - User Clicked on Seven button.....
17:21:04.879 [main]INFO  Logs - Value is matched.....
17:21:05.025 [main]INFO  Logs - User Clicked on Clear button.....
17:21:06.277 [main]INFO  Logs - User Clicked on Eight button.....
17:21:06.278 [main]INFO  Logs - Value is matched.....
17:21:06.408 [main]INFO  Logs - User Clicked on Clear button.....
17:21:07.621 [main]INFO  Logs - User Clicked on Nine button.....
17:21:07.622 [main]INFO  Logs - Value is matched.....
17:21:08.275 [main]INFO  Logs - User Clicked on Clear button.....
17:21:18.289 [main]INFO  Logs - User Clicked on One button.....
17:21:18.863 [main]INFO  Logs - User Clicked on Add button.....
17:21:19.441 [main]INFO  Logs - User Clicked on Four button.....
17:21:20.100 [main]INFO  Logs - User Clicked on Equal button.....
17:21:21.264 [main]INFO  Logs - Addition test is passed.....
17:21:21.819 [main]INFO  Logs - Appium Server Stop.....
17:23:09.198 [main]INFO  Logs - Server is Starting
17:23:25.279 [main]INFO  Logs - User Clicked on Five button.....
17:23:25.888 [main]INFO  Logs - User Clicked on Five button.....
17:23:26.618 [main]INFO  Logs - User Clicked on Division button.....
17:23:27.248 [main]INFO  Logs - User Clicked on Five button.....
17:23:27.933 [main]INFO  Logs - User Clicked on Equal button.....
17:23:29.201 [main]INFO  Logs - Division test is passed.....
17:23:37.833 [main]INFO  Logs - User Clicked on Zero button.....
17:23:38.358 [main]INFO  Logs - Value is matched.....
17:23:38.418 [main]INFO  Logs - User Clicked on Clear button.....
17:23:39.641 [main]INFO  Logs - User Clicked on One button.....
17:23:39.642 [main]INFO  Logs - Value is matched.....
17:23:40.316 [main]INFO  Logs - User Clicked on Clear button.....
17:23:41.150 [main]INFO  Logs - User Clicked on Two button.....
17:23:41.150 [main]INFO  Logs - Value is matched.....
17:23:41.273 [main]INFO  Logs - User Clicked on Clear button.....
17:23:42.546 [main]INFO  Logs - User Clicked on Three button.....
17:23:42.547 [main]INFO  Logs - Value is matched.....
17:23:42.738 [main]INFO  Logs - User Clicked on Clear button.....
17:23:43.979 [main]INFO  Logs - User Clicked on Four button.....
17:23:43.980 [main]INFO  Logs - Value is matched.....
17:23:44.116 [main]INFO  Logs - User Clicked on Clear button.....
17:23:45.355 [main]INFO  Logs - User Clicked on Five button.....
17:23:45.356 [main]INFO  Logs - Value is matched.....
17:23:45.490 [main]INFO  Logs - User Clicked on Clear button.....
17:23:46.796 [main]INFO  Logs - User Clicked on Six button.....
17:23:46.797 [main]INFO  Logs - Value is matched.....
17:23:46.909 [main]INFO  Logs - User Clicked on Clear button.....
17:23:48.158 [main]INFO  Logs - User Clicked on Seven button.....
17:23:48.159 [main]INFO  Logs - Value is matched.....
17:23:48.291 [main]INFO  Logs - User Clicked on Clear button.....
17:23:49.510 [main]INFO  Logs - User Clicked on Eight button.....
17:23:49.510 [main]INFO  Logs - Value is matched.....
17:23:49.622 [main]INFO  Logs - User Clicked on Clear button.....
17:23:50.897 [main]INFO  Logs - User Clicked on Nine button.....
17:23:50.898 [main]INFO  Logs - Value is matched.....
17:23:51.077 [main]INFO  Logs - User Clicked on Clear button.....
17:24:00.175 [main]INFO  Logs - User Clicked on Five button.....
17:24:00.731 [main]INFO  Logs - User Clicked on Multiply button.....
17:24:01.308 [main]INFO  Logs - User Clicked on Six button.....
17:24:02.022 [main]INFO  Logs - User Clicked on Equal button.....
17:24:03.133 [main]INFO  Logs - Multiplication test is passed.....
17:24:11.797 [main]INFO  Logs - User Clicked on One button.....
17:24:12.368 [main]INFO  Logs - User Clicked on Add button.....
17:24:12.953 [main]INFO  Logs - User Clicked on Four button.....
17:24:13.625 [main]INFO  Logs - User Clicked on Equal button.....
17:24:14.790 [main]INFO  Logs - Addition test is passed.....
17:24:23.602 [main]INFO  Logs - User Clicked on Nine button.....
17:24:24.178 [main]INFO  Logs - User Clicked on Subtract button.....
17:24:24.757 [main]INFO  Logs - User Clicked on Four button.....
17:24:25.410 [main]INFO  Logs - User Clicked on Equal button.....
17:24:26.566 [main]INFO  Logs - Subtraction test is passed.....
17:24:27.091 [main]INFO  Logs - Appium Server Stop.....
